<?xml version="1.0" encoding="UTF-8"?>
<!-- Generated by org.testng.reporters.JUnitReportReporter -->
<testsuite skipped="0" hostname="LAPTOP-KNLIASVN" name="com.ultimateqa.testsuite.LoginPageTest" tests="1" failures="0" timestamp="2022-12-12T17:00:57 IST" time="16.351" errors="0">
  <testcase name="verifyTheErrorMessage" time="16.351" classname="com.ultimateqa.testsuite.LoginPageTest"/>
  <system-out>
    <![CDATA[Verify sign in link Sign In
Enter user email  and enter priem123@email.com
Enter user password  and enter prime123
Click on sign in button Sign in
Verify error message Invalid email or password.]]>
  </system-out>
</testsuite> <!-- com.ultimateqa.testsuite.LoginPageTest -->
