<?xml version="1.0" encoding="UTF-8"?>
<!-- Generated by org.testng.reporters.JUnitXMLReporter -->
<testsuite hostname="LAPTOP-KNLIASVN" ignored="1" name="Smoke Test" tests="1" failures="0" timestamp="2022-12-12T17:00:56 IST" time="16.74" errors="0">
  <testcase name="verifyTheErrorMessage" time="5.407" classname="com.ultimateqa.testsuite.LoginPageTest"/>
  <testcase name="userShouldNavigateToLoginPageSuccessfully" time="0.0" classname="com.ultimateqa.testsuite.LoginPageTest">
    <ignored/>
  </testcase> <!-- userShouldNavigateToLoginPageSuccessfully -->
</testsuite> <!-- Smoke Test -->
